2019-10-14 10:44:53.770  INFO 4832 --- [main] s.c.a.AnnotationConfigApplicationContext : Refreshing org.springframework.context.annotation.AnnotationConfigApplicationContext@2fd16d8b: startup date [Mon Oct 14 10:44:53 CST 2019]; root of context hierarchy
2019-10-14 10:44:54.959  INFO 4832 --- [main] f.a.AutowiredAnnotationBeanPostProcessor : JSR-330 'javax.inject.Inject' annotation found and supported for autowiring
2019-10-14 10:44:55.350  INFO 4832 --- [main] trationDelegate$BeanPostProcessorChecker : Bean 'configurationPropertiesRebinderAutoConfiguration' of type [org.springframework.cloud.autoconfigure.ConfigurationPropertiesRebinderAutoConfiguration$$EnhancerBySpringCGLIB$$b9dea9f2] is not eligible for getting processed by all BeanPostProcessors (for example: not eligible for auto-proxying)
2019-10-14 10:44:57.126  INFO 4832 --- [main] c.c.f.apollo.assembly.ApolloApplication  : The following profiles are active: github,auth
2019-10-14 10:44:57.192  INFO 4832 --- [main] s.c.a.AnnotationConfigApplicationContext : Refreshing org.springframework.context.annotation.AnnotationConfigApplicationContext@7e7b85fe: startup date [Mon Oct 14 10:44:57 CST 2019]; parent: org.springframework.context.annotation.AnnotationConfigApplicationContext@2fd16d8b
2019-10-14 10:45:01.032  INFO 4832 --- [main] o.s.cloud.context.scope.GenericScope     : BeanFactory id=f77ea904-6fa6-3f53-a1bf-df991d4a0cc0
2019-10-14 10:45:01.211  INFO 4832 --- [main] f.a.AutowiredAnnotationBeanPostProcessor : JSR-330 'javax.inject.Inject' annotation found and supported for autowiring
2019-10-14 10:45:02.006  INFO 4832 --- [main] trationDelegate$BeanPostProcessorChecker : Bean 'org.springframework.cloud.autoconfigure.ConfigurationPropertiesRebinderAutoConfiguration' of type [org.springframework.cloud.autoconfigure.ConfigurationPropertiesRebinderAutoConfiguration$$EnhancerBySpringCGLIB$$b9dea9f2] is not eligible for getting processed by all BeanPostProcessors (for example: not eligible for auto-proxying)
2019-10-14 10:45:02.276  WARN 4832 --- [main] o.s.c.n.a.ArchaiusAutoConfiguration      : No spring.application.name found, defaulting to 'application'
2019-10-14 10:45:02.297  WARN 4832 --- [main] c.n.c.sources.URLConfigurationSource     : No URLs will be polled as dynamic configuration sources.
2019-10-14 10:45:02.298  INFO 4832 --- [main] c.n.c.sources.URLConfigurationSource     : To enable URLs as dynamic configuration sources, define System property archaius.configurationSource.additionalUrls or make config.properties available on classpath.
2019-10-14 10:45:02.327  WARN 4832 --- [main] c.n.c.sources.URLConfigurationSource     : No URLs will be polled as dynamic configuration sources.
2019-10-14 10:45:02.327  INFO 4832 --- [main] c.n.c.sources.URLConfigurationSource     : To enable URLs as dynamic configuration sources, define System property archaius.configurationSource.additionalUrls or make config.properties available on classpath.
2019-10-14 10:45:02.986  INFO 4832 --- [main] o.s.l.c.support.AbstractContextSource    : Property 'userDn' not set - anonymous context will be used for read-write operations
2019-10-14 10:45:08.953  INFO 4832 --- [main] o.s.ui.freemarker.SpringTemplateLoader   : SpringTemplateLoader for FreeMarker: using resource loader [org.springframework.context.annotation.AnnotationConfigApplicationContext@7e7b85fe: startup date [Mon Oct 14 10:44:57 CST 2019]; parent: org.springframework.context.annotation.AnnotationConfigApplicationContext@2fd16d8b] and template loader path [classpath:/templates/]
2019-10-14 10:45:10.812  INFO 4832 --- [main] o.s.j.e.a.AnnotationMBeanExporter        : Registering beans for JMX exposure on startup
2019-10-14 10:45:10.848  INFO 4832 --- [main] o.s.j.e.a.AnnotationMBeanExporter        : Bean with name 'environmentManager' has been autodetected for JMX exposure
2019-10-14 10:45:10.850  INFO 4832 --- [main] o.s.j.e.a.AnnotationMBeanExporter        : Bean with name 'refreshScope' has been autodetected for JMX exposure
2019-10-14 10:45:10.852  INFO 4832 --- [main] o.s.j.e.a.AnnotationMBeanExporter        : Bean with name 'configurationPropertiesRebinder' has been autodetected for JMX exposure
2019-10-14 10:45:10.859  INFO 4832 --- [main] o.s.j.e.a.AnnotationMBeanExporter        : Located managed bean 'environmentManager': registering with JMX server as MBean [org.springframework.cloud.context.environment:name=environmentManager,type=EnvironmentManager]
2019-10-14 10:45:10.893  INFO 4832 --- [main] o.s.j.e.a.AnnotationMBeanExporter        : Located managed bean 'refreshScope': registering with JMX server as MBean [org.springframework.cloud.context.scope.refresh:name=refreshScope,type=RefreshScope]
2019-10-14 10:45:10.945  INFO 4832 --- [main] o.s.j.e.a.AnnotationMBeanExporter        : Located managed bean 'configurationPropertiesRebinder': registering with JMX server as MBean [org.springframework.cloud.context.properties:name=configurationPropertiesRebinder,context=7e7b85fe,type=ConfigurationPropertiesRebinder]
2019-10-14 10:45:10.988  INFO 4832 --- [main] c.c.f.apollo.assembly.ApolloApplication  : Started ApolloApplication in 20.879 seconds (JVM running for 24.474)
2019-10-14 10:45:10.992  INFO 4832 --- [main] c.c.f.apollo.assembly.ApolloApplication  : application-1 isActive: true
2019-10-14 10:45:11.517  INFO 4832 --- [main] c.c.f.apollo.assembly.ApolloApplication  : The following profiles are active: github,auth
2019-10-14 10:45:11.546  INFO 4832 --- [main] ConfigServletWebServerApplicationContext : Refreshing org.springframework.boot.web.servlet.context.AnnotationConfigServletWebServerApplicationContext@4f71586b: startup date [Mon Oct 14 10:45:11 CST 2019]; parent: org.springframework.context.annotation.AnnotationConfigApplicationContext@7e7b85fe
2019-10-14 10:45:17.642  INFO 4832 --- [main] o.s.b.f.s.DefaultListableBeanFactory     : Overriding bean definition for bean 'dataSource' with a different definition: replacing [Root bean: class [null]; scope=refresh; abstract=false; lazyInit=false; autowireMode=3; dependencyCheck=0; autowireCandidate=false; primary=false; factoryBeanName=org.springframework.boot.autoconfigure.jdbc.DataSourceConfiguration$Hikari; factoryMethodName=dataSource; initMethodName=null; destroyMethodName=(inferred); defined in class path resource [org/springframework/boot/autoconfigure/jdbc/DataSourceConfiguration$Hikari.class]] with [Root bean: class [org.springframework.aop.scope.ScopedProxyFactoryBean]; scope=; abstract=false; lazyInit=false; autowireMode=0; dependencyCheck=0; autowireCandidate=true; primary=false; factoryBeanName=null; factoryMethodName=null; initMethodName=null; destroyMethodName=null; defined in BeanDefinition defined in class path resource [org/springframework/boot/autoconfigure/jdbc/DataSourceConfiguration$Hikari.class]]
2019-10-14 10:45:18.039  INFO 4832 --- [main] o.s.cloud.context.scope.GenericScope     : BeanFactory id=2b059df3-5dd1-319b-9734-b9fd8f95afab
2019-10-14 10:45:18.162  INFO 4832 --- [main] f.a.AutowiredAnnotationBeanPostProcessor : JSR-330 'javax.inject.Inject' annotation found and supported for autowiring
2019-10-14 10:45:18.720  INFO 4832 --- [main] trationDelegate$BeanPostProcessorChecker : Bean 'org.springframework.transaction.annotation.ProxyTransactionManagementConfiguration' of type [org.springframework.transaction.annotation.ProxyTransactionManagementConfiguration$$EnhancerBySpringCGLIB$$9dc4a6f5] is not eligible for getting processed by all BeanPostProcessors (for example: not eligible for auto-proxying)
2019-10-14 10:45:19.770  INFO 4832 --- [main] trationDelegate$BeanPostProcessorChecker : Bean 'org.springframework.security.config.annotation.configuration.ObjectPostProcessorConfiguration' of type [org.springframework.security.config.annotation.configuration.ObjectPostProcessorConfiguration$$EnhancerBySpringCGLIB$$36726f2f] is not eligible for getting processed by all BeanPostProcessors (for example: not eligible for auto-proxying)
2019-10-14 10:45:19.827  INFO 4832 --- [main] trationDelegate$BeanPostProcessorChecker : Bean 'objectPostProcessor' of type [org.springframework.security.config.annotation.configuration.AutowireBeanFactoryObjectPostProcessor] is not eligible for getting processed by all BeanPostProcessors (for example: not eligible for auto-proxying)
2019-10-14 10:45:19.835  INFO 4832 --- [main] trationDelegate$BeanPostProcessorChecker : Bean 'org.springframework.security.access.expression.method.DefaultMethodSecurityExpressionHandler@58c7dcd8' of type [org.springframework.security.access.expression.method.DefaultMethodSecurityExpressionHandler] is not eligible for getting processed by all BeanPostProcessors (for example: not eligible for auto-proxying)
2019-10-14 10:45:19.878  INFO 4832 --- [main] trationDelegate$BeanPostProcessorChecker : Bean 'org.springframework.security.config.annotation.method.configuration.GlobalMethodSecurityConfiguration' of type [org.springframework.security.config.annotation.method.configuration.GlobalMethodSecurityConfiguration$$EnhancerBySpringCGLIB$$5b4711e1] is not eligible for getting processed by all BeanPostProcessors (for example: not eligible for auto-proxying)
2019-10-14 10:45:19.914  INFO 4832 --- [main] trationDelegate$BeanPostProcessorChecker : Bean 'methodSecurityMetadataSource' of type [org.springframework.security.access.method.DelegatingMethodSecurityMetadataSource] is not eligible for getting processed by all BeanPostProcessors (for example: not eligible for auto-proxying)
2019-10-14 10:45:20.064  INFO 4832 --- [main] trationDelegate$BeanPostProcessorChecker : Bean 'org.springframework.cloud.autoconfigure.ConfigurationPropertiesRebinderAutoConfiguration' of type [org.springframework.cloud.autoconfigure.ConfigurationPropertiesRebinderAutoConfiguration$$EnhancerBySpringCGLIB$$b9dea9f2] is not eligible for getting processed by all BeanPostProcessors (for example: not eligible for auto-proxying)
2019-10-14 10:45:21.188  WARN 4832 --- [main] o.a.catalina.core.AprLifecycleListener   : The APR based Apache Tomcat Native library failed to load. The error reported was [C:\Users\Nicht\bin\tcnative-1.dll: Can't load IA 32-bit .dll on a AMD 64-bit platform]

java.lang.UnsatisfiedLinkError: C:\Users\Nicht\bin\tcnative-1.dll: Can't load IA 32-bit .dll on a AMD 64-bit platform
	at java.lang.ClassLoader$NativeLibrary.load(Native Method)
	at java.lang.ClassLoader.loadLibrary0(ClassLoader.java:1941)
	at java.lang.ClassLoader.loadLibrary(ClassLoader.java:1857)
	at java.lang.Runtime.loadLibrary0(Runtime.java:870)
	at java.lang.System.loadLibrary(System.java:1122)
	at org.apache.tomcat.jni.Library.<init>(Library.java:42)
	at org.apache.tomcat.jni.Library.initialize(Library.java:178)
	at org.apache.catalina.core.AprLifecycleListener.init(AprLifecycleListener.java:198)
	at org.apache.catalina.core.AprLifecycleListener.isAprAvailable(AprLifecycleListener.java:107)
	at org.apache.catalina.connector.Connector.setProtocol(Connector.java:582)
	at org.apache.catalina.connector.Connector.<init>(Connector.java:74)
	at org.springframework.boot.web.embedded.tomcat.TomcatServletWebServerFactory.getWebServer(TomcatServletWebServerFactory.java:164)
	at org.springframework.boot.web.servlet.context.ServletWebServerApplicationContext.createWebServer(ServletWebServerApplicationContext.java:179)
	at org.springframework.boot.web.servlet.context.ServletWebServerApplicationContext.onRefresh(ServletWebServerApplicationContext.java:152)
	at org.springframework.context.support.AbstractApplicationContext.refresh(AbstractApplicationContext.java:544)
	at org.springframework.boot.web.servlet.context.ServletWebServerApplicationContext.refresh(ServletWebServerApplicationContext.java:140)
	at org.springframework.boot.SpringApplication.refresh(SpringApplication.java:780)
	at org.springframework.boot.SpringApplication.refreshContext(SpringApplication.java:412)
	at org.springframework.boot.SpringApplication.run(SpringApplication.java:333)
	at org.springframework.boot.builder.SpringApplicationBuilder.run(SpringApplicationBuilder.java:137)
	at com.ctrip.framework.apollo.assembly.ApolloApplication.main(ApolloApplication.java:57)
	at sun.reflect.NativeMethodAccessorImpl.invoke0(Native Method)
	at sun.reflect.NativeMethodAccessorImpl.invoke(NativeMethodAccessorImpl.java:62)
	at sun.reflect.DelegatingMethodAccessorImpl.invoke(DelegatingMethodAccessorImpl.java:43)
	at java.lang.reflect.Method.invoke(Method.java:498)
	at org.springframework.boot.loader.MainMethodRunner.run(MainMethodRunner.java:54)
	at java.lang.Thread.run(Thread.java:748)

2019-10-14 10:45:22.124  INFO 4832 --- [main] o.s.b.w.embedded.tomcat.TomcatWebServer  : Tomcat initialized with port(s): 8070 (http)
2019-10-14 10:45:22.304  INFO 4832 --- [main] o.apache.catalina.core.StandardService   : Starting service [Tomcat]
2019-10-14 10:45:22.306  INFO 4832 --- [main] org.apache.catalina.core.StandardEngine  : Starting Servlet Engine: Apache Tomcat/8.5.34
2019-10-14 10:45:23.258  INFO 4832 --- [localhost-startStop-1] o.a.c.c.C.[Tomcat].[localhost].[/]       : Initializing Spring embedded WebApplicationContext
2019-10-14 10:45:23.262  INFO 4832 --- [localhost-startStop-1] o.s.web.context.ContextLoader            : Root WebApplicationContext: initialization completed in 11717 ms
2019-10-14 10:45:25.515  INFO 4832 --- [localhost-startStop-1] com.zaxxer.hikari.HikariDataSource       : HikariPool-1 - Starting...
2019-10-14 10:45:26.530  INFO 4832 --- [localhost-startStop-1] com.zaxxer.hikari.HikariDataSource       : HikariPool-1 - Start completed.
2019-10-14 10:45:26.913  INFO 4832 --- [localhost-startStop-1] j.LocalContainerEntityManagerFactoryBean : Building JPA container EntityManagerFactory for persistence unit 'default'
2019-10-14 10:45:27.048  INFO 4832 --- [localhost-startStop-1] o.hibernate.jpa.internal.util.LogHelper  : HHH000204: Processing PersistenceUnitInfo [
	name: default
	...]
2019-10-14 10:45:27.663  INFO 4832 --- [localhost-startStop-1] org.hibernate.Version                    : HHH000412: Hibernate Core {5.2.17.Final}
2019-10-14 10:45:27.674  INFO 4832 --- [localhost-startStop-1] org.hibernate.cfg.Environment            : HHH000206: hibernate.properties not found
2019-10-14 10:45:28.022  INFO 4832 --- [localhost-startStop-1] o.hibernate.annotations.common.Version   : HCANN000001: Hibernate Commons Annotations {5.0.1.Final}
2019-10-14 10:45:30.216  INFO 4832 --- [localhost-startStop-1] org.hibernate.dialect.Dialect            : HHH000400: Using dialect: org.hibernate.dialect.MySQL5Dialect
2019-10-14 10:45:34.667  INFO 4832 --- [localhost-startStop-1] j.LocalContainerEntityManagerFactoryBean : Initialized JPA EntityManagerFactory for persistence unit 'default'
2019-10-14 10:45:36.485  INFO 4832 --- [localhost-startStop-1] o.h.h.i.QueryTranslatorFactoryInitiator  : HHH000397: Using ASTQueryTranslatorFactory
2019-10-14 10:45:37.831  INFO 4832 --- [localhost-startStop-1] c.c.f.a.p.s.PortalDBPropertySource       : Load config from DB : apollo.portal.envs = dev
2019-10-14 10:45:37.832  INFO 4832 --- [localhost-startStop-1] c.c.f.a.p.s.PortalDBPropertySource       : Load config from DB : organizations = [{"orgId":"TEST1","orgName":"样例部门1"},{"orgId":"TEST2","orgName":"样例部门2"}]. Old value = null
2019-10-14 10:45:37.832  INFO 4832 --- [localhost-startStop-1] c.c.f.a.p.s.PortalDBPropertySource       : Load config from DB : superAdmin = apollo. Old value = null
2019-10-14 10:45:37.832  INFO 4832 --- [localhost-startStop-1] c.c.f.a.p.s.PortalDBPropertySource       : Load config from DB : api.readTimeout = 10000. Old value = null
2019-10-14 10:45:37.833  INFO 4832 --- [localhost-startStop-1] c.c.f.a.p.s.PortalDBPropertySource       : Load config from DB : consumer.token.salt = someSalt. Old value = null
2019-10-14 10:45:37.833  INFO 4832 --- [localhost-startStop-1] c.c.f.a.p.s.PortalDBPropertySource       : Load config from DB : admin.createPrivateNamespace.switch = true. Old value = null
2019-10-14 10:45:37.833  INFO 4832 --- [localhost-startStop-1] c.c.f.a.p.s.PortalDBPropertySource       : Load config from DB : configView.memberOnly.envs = dev. Old value = null
2019-10-14 10:45:38.553  INFO 4832 --- [localhost-startStop-1] o.s.s.p.JdbcUserDetailsManager           : No authentication manager set. Reauthentication of users when changing passwords will not be performed.
2019-10-14 10:45:40.643  INFO 4832 --- [localhost-startStop-1] o.s.b.w.servlet.FilterRegistrationBean   : Mapping filter: 'characterEncodingFilter' to: [/*]
2019-10-14 10:45:40.644  INFO 4832 --- [localhost-startStop-1] o.s.b.w.servlet.FilterRegistrationBean   : Mapping filter: 'webMvcMetricsFilter' to: [/*]
2019-10-14 10:45:40.645  INFO 4832 --- [localhost-startStop-1] o.s.b.w.servlet.FilterRegistrationBean   : Mapping filter: 'hiddenHttpMethodFilter' to: [/*]
2019-10-14 10:45:40.645  INFO 4832 --- [localhost-startStop-1] o.s.b.w.servlet.FilterRegistrationBean   : Mapping filter: 'httpPutFormContentFilter' to: [/*]
2019-10-14 10:45:40.645  INFO 4832 --- [localhost-startStop-1] o.s.b.w.servlet.FilterRegistrationBean   : Mapping filter: 'requestContextFilter' to: [/*]
2019-10-14 10:45:40.646  INFO 4832 --- [localhost-startStop-1] .s.DelegatingFilterProxyRegistrationBean : Mapping filter: 'springSecurityFilterChain' to: [/*]
2019-10-14 10:45:40.647  INFO 4832 --- [localhost-startStop-1] o.s.b.w.servlet.FilterRegistrationBean   : Mapping filter: 'httpTraceFilter' to: [/*]
2019-10-14 10:45:40.647  INFO 4832 --- [localhost-startStop-1] o.s.b.w.servlet.FilterRegistrationBean   : Mapping filter: 'encodingFilter' to urls: [/*]
2019-10-14 10:45:40.648  INFO 4832 --- [localhost-startStop-1] o.s.b.w.servlet.FilterRegistrationBean   : Mapping filter: 'consumerAuthenticationFilter' to urls: [/openapi/*]
2019-10-14 10:45:40.648  INFO 4832 --- [localhost-startStop-1] o.s.b.w.servlet.ServletRegistrationBean  : Servlet dispatcherServlet mapped to [/]
2019-10-14 10:45:44.240  INFO 4832 --- [Apollo-ServiceLocator-1] c.c.f.apollo.core.MetaDomainConsts       : Located meta server address http://localhost:8080 for env DEV from com.ctrip.framework.apollo.core.internals.LegacyMetaServerProvider
2019-10-14 10:45:45.786  INFO 4832 --- [main] o.s.s.web.DefaultSecurityFilterChain     : Creating filter chain: org.springframework.security.web.util.matcher.AnyRequestMatcher@1, [org.springframework.security.web.context.request.async.WebAsyncManagerIntegrationFilter@5fe44680, org.springframework.security.web.context.SecurityContextPersistenceFilter@7384e818, org.springframework.security.web.header.HeaderWriterFilter@443b8453, org.springframework.security.web.authentication.logout.LogoutFilter@480104, org.springframework.security.web.authentication.UsernamePasswordAuthenticationFilter@f8a2d84, org.springframework.security.web.authentication.www.BasicAuthenticationFilter@2051cc7f, org.springframework.security.web.savedrequest.RequestCacheAwareFilter@733b4790, org.springframework.security.web.servletapi.SecurityContextHolderAwareRequestFilter@7a3057c9, org.springframework.security.web.authentication.AnonymousAuthenticationFilter@5a49c4dc, org.springframework.security.web.session.SessionManagementFilter@7c5d7131, org.springframework.security.web.access.ExceptionTranslationFilter@3846868d, org.springframework.security.web.access.intercept.FilterSecurityInterceptor@6ec48fe3]
2019-10-14 10:45:46.094  WARN 4832 --- [main] o.s.c.n.a.ArchaiusAutoConfiguration      : Netflix ConfigurationManager has already been installed, unable to re-install
2019-10-14 10:45:46.647  INFO 4832 --- [main] o.s.w.s.handler.SimpleUrlHandlerMapping  : Mapped URL path [/**/favicon.ico] onto handler of type [class org.springframework.web.servlet.resource.ResourceHttpRequestHandler]
2019-10-14 10:45:47.023  INFO 4832 --- [main] s.w.s.m.m.a.RequestMappingHandlerAdapter : Looking for @ControllerAdvice: org.springframework.boot.web.servlet.context.AnnotationConfigServletWebServerApplicationContext@4f71586b: startup date [Mon Oct 14 10:45:11 CST 2019]; parent: org.springframework.context.annotation.AnnotationConfigApplicationContext@7e7b85fe
2019-10-14 10:45:47.226  WARN 4832 --- [main] aWebConfiguration$JpaWebMvcConfiguration : spring.jpa.open-in-view is enabled by default. Therefore, database queries may be performed during view rendering. Explicitly configure spring.jpa.open-in-view to disable this warning
2019-10-14 10:45:47.368  INFO 4832 --- [main] s.w.s.m.m.a.RequestMappingHandlerMapping : Mapped "{[/apollo/version]}" onto public java.lang.String com.ctrip.framework.apollo.common.controller.ApolloInfoController.getVersion()
2019-10-14 10:45:47.370  INFO 4832 --- [main] s.w.s.m.m.a.RequestMappingHandlerMapping : Mapped "{[/apollo/server]}" onto public java.lang.String com.ctrip.framework.apollo.common.controller.ApolloInfoController.getServer()
2019-10-14 10:45:47.371  INFO 4832 --- [main] s.w.s.m.m.a.RequestMappingHandlerMapping : Mapped "{[/apollo/app]}" onto public java.lang.String com.ctrip.framework.apollo.common.controller.ApolloInfoController.getApp()
2019-10-14 10:45:47.371  INFO 4832 --- [main] s.w.s.m.m.a.RequestMappingHandlerMapping : Mapped "{[/apollo/net]}" onto public java.lang.String com.ctrip.framework.apollo.common.controller.ApolloInfoController.getNet()
2019-10-14 10:45:47.384  INFO 4832 --- [main] s.w.s.m.m.a.RequestMappingHandlerMapping : Mapped "{[/apps/{appId}/envs/{env}/clusters/{clusterName:.+}],methods=[GET]}" onto public com.ctrip.framework.apollo.common.dto.ClusterDTO com.ctrip.framework.apollo.portal.controller.ClusterController.loadCluster(java.lang.String,java.lang.String,java.lang.String)
2019-10-14 10:45:47.385  INFO 4832 --- [main] s.w.s.m.m.a.RequestMappingHandlerMapping : Mapped "{[/apps/{appId}/envs/{env}/clusters/{clusterName:.+}],methods=[DELETE]}" onto public org.springframework.http.ResponseEntity<java.lang.Void> com.ctrip.framework.apollo.portal.controller.ClusterController.deleteCluster(java.lang.String,java.lang.String,java.lang.String)
2019-10-14 10:45:47.385  INFO 4832 --- [main] s.w.s.m.m.a.RequestMappingHandlerMapping : Mapped "{[/apps/{appId}/envs/{env}/clusters],methods=[POST]}" onto public com.ctrip.framework.apollo.common.dto.ClusterDTO com.ctrip.framework.apollo.portal.controller.ClusterController.createCluster(java.lang.String,java.lang.String,com.ctrip.framework.apollo.common.dto.ClusterDTO)
2019-10-14 10:45:47.387  INFO 4832 --- [main] s.w.s.m.m.a.RequestMappingHandlerMapping : Mapped "{[/envs/{env}/instances/by-namespace-and-releases-not-in],methods=[GET]}" onto public java.util.List<com.ctrip.framework.apollo.common.dto.InstanceDTO> com.ctrip.framework.apollo.portal.controller.InstanceController.getByReleasesNotIn(java.lang.String,java.lang.String,java.lang.String,java.lang.String,java.lang.String)
2019-10-14 10:45:47.388  INFO 4832 --- [main] s.w.s.m.m.a.RequestMappingHandlerMapping : Mapped "{[/envs/{env}/instances/by-namespace/count],methods=[GET]}" onto public org.springframework.http.ResponseEntity<com.ctrip.framework.apollo.portal.entity.vo.Number> com.ctrip.framework.apollo.portal.controller.InstanceController.getInstanceCountByNamespace(java.lang.String,java.lang.String,java.lang.String,java.lang.String)
2019-10-14 10:45:47.389  INFO 4832 --- [main] s.w.s.m.m.a.RequestMappingHandlerMapping : Mapped "{[/envs/{env}/instances/by-namespace],methods=[GET]}" onto public com.ctrip.framework.apollo.common.dto.PageDTO<com.ctrip.framework.apollo.common.dto.InstanceDTO> com.ctrip.framework.apollo.portal.controller.InstanceController.getByNamespace(java.lang.String,java.lang.String,java.lang.String,java.lang.String,java.lang.String,int,int)
2019-10-14 10:45:47.389  INFO 4832 --- [main] s.w.s.m.m.a.RequestMappingHandlerMapping : Mapped "{[/envs/{env}/instances/by-release],methods=[GET]}" onto public com.ctrip.framework.apollo.common.dto.PageDTO<com.ctrip.framework.apollo.common.dto.InstanceDTO> com.ctrip.framework.apollo.portal.controller.InstanceController.getByRelease(java.lang.String,long,int,int)
2019-10-14 10:45:47.391  INFO 4832 --- [main] s.w.s.m.m.a.RequestMappingHandlerMapping : Mapped "{[/apps/{appId}/envs/{env}/clusters/{clusterName}/namespaces/{namespaceName}/lock-info],methods=[GET]}" onto public com.ctrip.framework.apollo.portal.entity.vo.LockInfo com.ctrip.framework.apollo.portal.controller.NamespaceLockController.getNamespaceLockInfo(java.lang.String,java.lang.String,java.lang.String,java.lang.String)
2019-10-14 10:45:47.392  INFO 4832 --- [main] s.w.s.m.m.a.RequestMappingHandlerMapping : Mapped "{[/apps/{appId}/envs/{env}/clusters/{clusterName}/namespaces/{namespaceName}/lock],methods=[GET]}" onto public com.ctrip.framework.apollo.common.dto.NamespaceLockDTO com.ctrip.framework.apollo.portal.controller.NamespaceLockController.getNamespaceLock(java.lang.String,java.lang.String,java.lang.String,java.lang.String)
2019-10-14 10:45:47.397  INFO 4832 --- [main] s.w.s.m.m.a.RequestMappingHandlerMapping : Mapped "{[/apps/{appId}/envs/{env}/namespaces/{namespaceName}/role_users],methods=[GET]}" onto public com.ctrip.framework.apollo.portal.entity.vo.NamespaceEnvRolesAssignedUsers com.ctrip.framework.apollo.portal.controller.PermissionController.getNamespaceEnvRoles(java.lang.String,java.lang.String,java.lang.String)
2019-10-14 10:45:47.398  INFO 4832 --- [main] s.w.s.m.m.a.RequestMappingHandlerMapping : Mapped "{[/apps/{appId}/initPermission],methods=[POST]}" onto public org.springframework.http.ResponseEntity<java.lang.Void> com.ctrip.framework.apollo.portal.controller.PermissionController.initAppPermission(java.lang.String,java.lang.String)
2019-10-14 10:45:47.398  INFO 4832 --- [main] s.w.s.m.m.a.RequestMappingHandlerMapping : Mapped "{[/apps/{appId}/envs/{env}/namespaces/{namespaceName}/roles/{roleType}],methods=[POST]}" onto public org.springframework.http.ResponseEntity<java.lang.Void> com.ctrip.framework.apollo.portal.controller.PermissionController.assignNamespaceEnvRoleToUser(java.lang.String,java.lang.String,java.lang.String,java.lang.String,java.lang.String)
2019-10-14 10:45:47.399  INFO 4832 --- [main] s.w.s.m.m.a.RequestMappingHandlerMapping : Mapped "{[/apps/{appId}/envs/{env}/namespaces/{namespaceName}/roles/{roleType}],methods=[DELETE]}" onto public org.springframework.http.ResponseEntity<java.lang.Void> com.ctrip.framework.apollo.portal.controller.PermissionController.removeNamespaceEnvRoleFromUser(java.lang.String,java.lang.String,java.lang.String,java.lang.String,java.lang.String)
2019-10-14 10:45:47.399  INFO 4832 --- [main] s.w.s.m.m.a.RequestMappingHandlerMapping : Mapped "{[/permissions/root],methods=[GET]}" onto public org.springframework.http.ResponseEntity<com.ctrip.framework.apollo.portal.entity.vo.PermissionCondition> com.ctrip.framework.apollo.portal.controller.PermissionController.hasRootPermission()
2019-10-14 10:45:47.399  INFO 4832 --- [main] s.w.s.m.m.a.RequestMappingHandlerMapping : Mapped "{[/apps/{appId}/roles/{roleType}],methods=[DELETE]}" onto public org.springframework.http.ResponseEntity<java.lang.Void> com.ctrip.framework.apollo.portal.controller.PermissionController.removeAppRoleFromUser(java.lang.String,java.lang.String,java.lang.String)
2019-10-14 10:45:47.400  INFO 4832 --- [main] s.w.s.m.m.a.RequestMappingHandlerMapping : Mapped "{[/apps/{appId}/namespaces/{namespaceName}/roles/{roleType}],methods=[POST]}" onto public org.springframework.http.ResponseEntity<java.lang.Void> com.ctrip.framework.apollo.portal.controller.PermissionController.assignNamespaceRoleToUser(java.lang.String,java.lang.String,java.lang.String,java.lang.String)
2019-10-14 10:45:47.400  INFO 4832 --- [main] s.w.s.m.m.a.RequestMappingHandlerMapping : Mapped "{[/apps/{appId}/namespaces/{namespaceName}/roles/{roleType}],methods=[DELETE]}" onto public org.springframework.http.ResponseEntity<java.lang.Void> com.ctrip.framework.apollo.portal.controller.PermissionController.removeNamespaceRoleFromUser(java.lang.String,java.lang.String,java.lang.String,java.lang.String)
2019-10-14 10:45:47.401  INFO 4832 --- [main] s.w.s.m.m.a.RequestMappingHandlerMapping : Mapped "{[/apps/{appId}/roles/{roleType}],methods=[POST]}" onto public org.springframework.http.ResponseEntity<java.lang.Void> com.ctrip.framework.apollo.portal.controller.PermissionController.assignAppRoleToUser(java.lang.String,java.lang.String,java.lang.String)
2019-10-14 10:45:47.401  INFO 4832 --- [main] s.w.s.m.m.a.RequestMappingHandlerMapping : Mapped "{[/apps/{appId}/namespaces/{namespaceName}/role_users],methods=[GET]}" onto public com.ctrip.framework.apollo.portal.entity.vo.NamespaceRolesAssignedUsers com.ctrip.framework.apollo.portal.controller.PermissionController.getNamespaceRoles(java.lang.String,java.lang.String)
2019-10-14 10:45:47.402  INFO 4832 --- [main] s.w.s.m.m.a.RequestMappingHandlerMapping : Mapped "{[/apps/{appId}/permissions/{permissionType}],methods=[GET]}" onto public org.springframework.http.ResponseEntity<com.ctrip.framework.apollo.portal.entity.vo.PermissionCondition> com.ctrip.framework.apollo.portal.controller.PermissionController.hasPermission(java.lang.String,java.lang.String)
2019-10-14 10:45:47.402  INFO 4832 --- [main] s.w.s.m.m.a.RequestMappingHandlerMapping : Mapped "{[/apps/{appId}/envs/{env}/namespaces/{namespaceName}/permissions/{permissionType}],methods=[GET]}" onto public org.springframework.http.ResponseEntity<com.ctrip.framework.apollo.portal.entity.vo.PermissionCondition> com.ctrip.framework.apollo.portal.controller.PermissionController.hasPermission(java.lang.String,java.lang.String,java.lang.String,java.lang.String)
2019-10-14 10:45:47.403  INFO 4832 --- [main] s.w.s.m.m.a.RequestMappingHandlerMapping : Mapped "{[/apps/{appId}/namespaces/{namespaceName}/permissions/{permissionType}],methods=[GET]}" onto public org.springframework.http.ResponseEntity<com.ctrip.framework.apollo.portal.entity.vo.PermissionCondition> com.ctrip.framework.apollo.portal.controller.PermissionController.hasPermission(java.lang.String,java.lang.String,java.lang.String)
2019-10-14 10:45:47.403  INFO 4832 --- [main] s.w.s.m.m.a.RequestMappingHandlerMapping : Mapped "{[/apps/{appId}/role_users],methods=[GET]}" onto public com.ctrip.framework.apollo.portal.entity.vo.AppRolesAssignedUsers com.ctrip.framework.apollo.portal.controller.PermissionController.getAppRoles(java.lang.String)
2019-10-14 10:45:47.414  INFO 4832 --- [main] s.w.s.m.m.a.RequestMappingHandlerMapping : Mapped "{[/apps/{appId}/envs/{env}/clusters/{clusterName}/namespaces/{namespaceName}/releases/active],methods=[GET]}" onto public java.util.List<com.ctrip.framework.apollo.common.dto.ReleaseDTO> com.ctrip.framework.apollo.portal.controller.ReleaseController.findActiveReleases(java.lang.String,java.lang.String,java.lang.String,java.lang.String,int,int)
2019-10-14 10:45:47.415  INFO 4832 --- [main] s.w.s.m.m.a.RequestMappingHandlerMapping : Mapped "{[/apps/{appId}/envs/{env}/clusters/{clusterName}/namespaces/{namespaceName}/branches/{branchName}/releases],methods=[POST]}" onto public com.ctrip.framework.apollo.common.dto.ReleaseDTO com.ctrip.framework.apollo.portal.controller.ReleaseController.createGrayRelease(java.lang.String,java.lang.String,java.lang.String,java.lang.String,java.lang.String,com.ctrip.framework.apollo.portal.entity.model.NamespaceReleaseModel)
2019-10-14 10:45:47.416  INFO 4832 --- [main] s.w.s.m.m.a.RequestMappingHandlerMapping : Mapped "{[/apps/{appId}/envs/{env}/clusters/{clusterName}/namespaces/{namespaceName}/releases/all],methods=[GET]}" onto public java.util.List<com.ctrip.framework.apollo.portal.entity.bo.ReleaseBO> com.ctrip.framework.apollo.portal.controller.ReleaseController.findAllReleases(java.lang.String,java.lang.String,java.lang.String,java.lang.String,int,int)
2019-10-14 10:45:47.416  INFO 4832 --- [main] s.w.s.m.m.a.RequestMappingHandlerMapping : Mapped "{[/apps/{appId}/envs/{env}/clusters/{clusterName}/namespaces/{namespaceName}/releases],methods=[POST]}" onto public com.ctrip.framework.apollo.common.dto.ReleaseDTO com.ctrip.framework.apollo.portal.controller.ReleaseController.createRelease(java.lang.String,java.lang.String,java.lang.String,java.lang.String,com.ctrip.framework.apollo.portal.entity.model.NamespaceReleaseModel)
2019-10-14 10:45:47.417  INFO 4832 --- [main] s.w.s.m.m.a.RequestMappingHandlerMapping : Mapped "{[/envs/{env}/releases/compare],methods=[GET]}" onto public com.ctrip.framework.apollo.portal.entity.vo.ReleaseCompareResult com.ctrip.framework.apollo.portal.controller.ReleaseController.compareRelease(java.lang.String,long,long)
2019-10-14 10:45:47.417  INFO 4832 --- [main] s.w.s.m.m.a.RequestMappingHandlerMapping : Mapped "{[/envs/{env}/releases/{releaseId}/rollback],methods=[PUT]}" onto public void com.ctrip.framework.apollo.portal.controller.ReleaseController.rollback(java.lang.String,long)
2019-10-14 10:45:47.419  INFO 4832 --- [main] s.w.s.m.m.a.RequestMappingHandlerMapping : Mapped "{[/apps/{appId}/envs/{env}/clusters/{clusterName}/namespaces/{namespaceName}/releases/histories],methods=[GET]}" onto public java.util.List<com.ctrip.framework.apollo.portal.entity.bo.ReleaseHistoryBO> com.ctrip.framework.apollo.portal.controller.ReleaseHistoryController.findReleaseHistoriesByNamespace(java.lang.String,java.lang.String,java.lang.String,java.lang.String,int,int)
2019-10-14 10:45:47.420  INFO 4832 --- [main] s.w.s.m.m.a.RequestMappingHandlerMapping : Mapped "{[/server/config],methods=[POST]}" onto public com.ctrip.framework.apollo.portal.entity.po.ServerConfig com.ctrip.framework.apollo.portal.controller.ServerConfigController.createOrUpdate(com.ctrip.framework.apollo.portal.entity.po.ServerConfig)
2019-10-14 10:45:47.420  INFO 4832 --- [main] s.w.s.m.m.a.RequestMappingHandlerMapping : Mapped "{[/server/config/{key:.+}],methods=[GET]}" onto public com.ctrip.framework.apollo.portal.entity.po.ServerConfig com.ctrip.framework.apollo.portal.controller.ServerConfigController.loadServerConfig(java.lang.String)
2019-10-14 10:45:47.421  INFO 4832 --- [main] s.w.s.m.m.a.RequestMappingHandlerMapping : Mapped "{[/signin],methods=[GET]}" onto public java.lang.String com.ctrip.framework.apollo.portal.controller.SignInController.login(java.lang.String,java.lang.String)
2019-10-14 10:45:47.423  INFO 4832 --- [main] s.w.s.m.m.a.RequestMappingHandlerMapping : Mapped "{[/user],methods=[GET]}" onto public com.ctrip.framework.apollo.portal.entity.bo.UserInfo com.ctrip.framework.apollo.portal.controller.UserInfoController.getCurrentUserName()
2019-10-14 10:45:47.423  INFO 4832 --- [main] s.w.s.m.m.a.RequestMappingHandlerMapping : Mapped "{[/users],methods=[POST]}" onto public void com.ctrip.framework.apollo.portal.controller.UserInfoController.createOrUpdateUser(com.ctrip.framework.apollo.portal.entity.po.UserPO)
2019-10-14 10:45:47.424  INFO 4832 --- [main] s.w.s.m.m.a.RequestMappingHandlerMapping : Mapped "{[/users],methods=[GET]}" onto public java.util.List<com.ctrip.framework.apollo.portal.entity.bo.UserInfo> com.ctrip.framework.apollo.portal.controller.UserInfoController.searchUsersByKeyword(java.lang.String,int,int)
2019-10-14 10:45:47.424  INFO 4832 --- [main] s.w.s.m.m.a.RequestMappingHandlerMapping : Mapped "{[/users/{userId}],methods=[GET]}" onto public com.ctrip.framework.apollo.portal.entity.bo.UserInfo com.ctrip.framework.apollo.portal.controller.UserInfoController.getUserByUserId(java.lang.String)
2019-10-14 10:45:47.425  INFO 4832 --- [main] s.w.s.m.m.a.RequestMappingHandlerMapping : Mapped "{[/user/logout],methods=[GET]}" onto public void com.ctrip.framework.apollo.portal.controller.UserInfoController.logout(javax.servlet.http.HttpServletRequest,javax.servlet.http.HttpServletResponse) throws java.io.IOException
2019-10-14 10:45:47.434  INFO 4832 --- [main] s.w.s.m.m.a.RequestMappingHandlerMapping : Mapped "{[/apps/{appId:.+}],methods=[PUT]}" onto public void com.ctrip.framework.apollo.portal.controller.AppController.update(java.lang.String,com.ctrip.framework.apollo.portal.entity.model.AppModel)
2019-10-14 10:45:47.434  INFO 4832 --- [main] s.w.s.m.m.a.RequestMappingHandlerMapping : Mapped "{[/apps/{appId:.+}],methods=[GET]}" onto public com.ctrip.framework.apollo.common.entity.App com.ctrip.framework.apollo.portal.controller.AppController.load(java.lang.String)
2019-10-14 10:45:47.435  INFO 4832 --- [main] s.w.s.m.m.a.RequestMappingHandlerMapping : Mapped "{[/apps],methods=[POST]}" onto public com.ctrip.framework.apollo.common.entity.App com.ctrip.framework.apollo.portal.controller.AppController.create(com.ctrip.framework.apollo.portal.entity.model.AppModel)
2019-10-14 10:45:47.435  INFO 4832 --- [main] s.w.s.m.m.a.RequestMappingHandlerMapping : Mapped "{[/apps/envs/{env}],methods=[POST],consumes=[application/json]}" onto public org.springframework.http.ResponseEntity<java.lang.Void> com.ctrip.framework.apollo.portal.controller.AppController.create(java.lang.String,com.ctrip.framework.apollo.common.entity.App)
2019-10-14 10:45:47.436  INFO 4832 --- [main] s.w.s.m.m.a.RequestMappingHandlerMapping : Mapped "{[/apps/{appId}/navtree],methods=[GET]}" onto public com.ctrip.framework.apollo.common.http.MultiResponseEntity<com.ctrip.framework.apollo.portal.entity.vo.EnvClusterInfo> com.ctrip.framework.apollo.portal.controller.AppController.nav(java.lang.String)
2019-10-14 10:45:47.436  INFO 4832 --- [main] s.w.s.m.m.a.RequestMappingHandlerMapping : Mapped "{[/apps/{appId}/miss_envs],methods=[GET]}" onto public com.ctrip.framework.apollo.common.http.MultiResponseEntity<com.ctrip.framework.apollo.core.enums.Env> com.ctrip.framework.apollo.portal.controller.AppController.findMissEnvs(java.lang.String)
2019-10-14 10:45:47.437  INFO 4832 --- [main] s.w.s.m.m.a.RequestMappingHandlerMapping : Mapped "{[/apps/{appId:.+}],methods=[DELETE]}" onto public void com.ctrip.framework.apollo.portal.controller.AppController.deleteApp(java.lang.String)
2019-10-14 10:45:47.438  INFO 4832 --- [main] s.w.s.m.m.a.RequestMappingHandlerMapping : Mapped "{[/apps],methods=[GET]}" onto public java.util.List<com.ctrip.framework.apollo.common.entity.App> com.ctrip.framework.apollo.portal.controller.AppController.findApps(java.lang.String)
2019-10-14 10:45:47.438  INFO 4832 --- [main] s.w.s.m.m.a.RequestMappingHandlerMapping : Mapped "{[/apps/by-owner],methods=[GET]}" onto public java.util.List<com.ctrip.framework.apollo.common.entity.App> com.ctrip.framework.apollo.portal.controller.AppController.findAppsByOwner(java.lang.String,org.springframework.data.domain.Pageable)
2019-10-14 10:45:47.439  INFO 4832 --- [main] s.w.s.m.m.a.RequestMappingHandlerMapping : Mapped "{[/envs],methods=[GET]}" onto public java.util.List<com.ctrip.framework.apollo.core.enums.Env> com.ctrip.framework.apollo.portal.controller.EnvController.envs()
2019-10-14 10:45:47.442  INFO 4832 --- [main] s.w.s.m.m.a.RequestMappingHandlerMapping : Mapped "{[/apps/{appId}/envs/{env}/clusters/{clusterName}/namespaces/{namespaceName}/branches/{branchName}/merge],methods=[POST]}" onto public com.ctrip.framework.apollo.common.dto.ReleaseDTO com.ctrip.framework.apollo.portal.controller.NamespaceBranchController.merge(java.lang.String,java.lang.String,java.lang.String,java.lang.String,java.lang.String,boolean,com.ctrip.framework.apollo.portal.entity.model.NamespaceReleaseModel)
2019-10-14 10:45:47.442  INFO 4832 --- [main] s.w.s.m.m.a.RequestMappingHandlerMapping : Mapped "{[/apps/{appId}/envs/{env}/clusters/{clusterName}/namespaces/{namespaceName}/branches/{branchName}/rules],methods=[PUT]}" onto public void com.ctrip.framework.apollo.portal.controller.NamespaceBranchController.updateBranchRules(java.lang.String,java.lang.String,java.lang.String,java.lang.String,java.lang.String,com.ctrip.framework.apollo.common.dto.GrayReleaseRuleDTO)
2019-10-14 10:45:47.442  INFO 4832 --- [main] s.w.s.m.m.a.RequestMappingHandlerMapping : Mapped "{[/apps/{appId}/envs/{env}/clusters/{clusterName}/namespaces/{namespaceName}/branches/{branchName}/rules],methods=[GET]}" onto public com.ctrip.framework.apollo.common.dto.GrayReleaseRuleDTO com.ctrip.framework.apollo.portal.controller.NamespaceBranchController.getBranchGrayRules(java.lang.String,java.lang.String,java.lang.String,java.lang.String,java.lang.String)
2019-10-14 10:45:47.443  INFO 4832 --- [main] s.w.s.m.m.a.RequestMappingHandlerMapping : Mapped "{[/apps/{appId}/envs/{env}/clusters/{clusterName}/namespaces/{namespaceName}/branches],methods=[GET]}" onto public com.ctrip.framework.apollo.portal.entity.bo.NamespaceBO com.ctrip.framework.apollo.portal.controller.NamespaceBranchController.findBranch(java.lang.String,java.lang.String,java.lang.String,java.lang.String)
2019-10-14 10:45:47.443  INFO 4832 --- [main] s.w.s.m.m.a.RequestMappingHandlerMapping : Mapped "{[/apps/{appId}/envs/{env}/clusters/{clusterName}/namespaces/{namespaceName}/branches],methods=[POST]}" onto public com.ctrip.framework.apollo.common.dto.NamespaceDTO com.ctrip.framework.apollo.portal.controller.NamespaceBranchController.createBranch(java.lang.String,java.lang.String,java.lang.String,java.lang.String)
2019-10-14 10:45:47.443  INFO 4832 --- [main] s.w.s.m.m.a.RequestMappingHandlerMapping : Mapped "{[/apps/{appId}/envs/{env}/clusters/{clusterName}/namespaces/{namespaceName}/branches/{branchName}],methods=[DELETE]}" onto public void com.ctrip.framework.apollo.portal.controller.NamespaceBranchController.deleteBranch(java.lang.String,java.lang.String,java.lang.String,java.lang.String,java.lang.String)
2019-10-14 10:45:47.444  INFO 4832 --- [main] s.w.s.m.m.a.RequestMappingHandlerMapping : Mapped "{[/organizations]}" onto public java.util.List<com.ctrip.framework.apollo.portal.entity.vo.Organization> com.ctrip.framework.apollo.portal.controller.OrganizationController.loadOrganization()
2019-10-14 10:45:47.445  INFO 4832 --- [main] s.w.s.m.m.a.RequestMappingHandlerMapping : Mapped "{[/apps/{appId}/envs/{env}/clusters/{clusterName}/namespaces/{namespaceName}/items/export],methods=[GET]}" onto public void com.ctrip.framework.apollo.portal.controller.ConfigsExportController.exportItems(java.lang.String,java.lang.String,java.lang.String,java.lang.String,javax.servlet.http.HttpServletResponse)
2019-10-14 10:45:47.446  INFO 4832 --- [main] s.w.s.m.m.a.RequestMappingHandlerMapping : Mapped "{[/apps/{appId}/envs/{env}/clusters/{clusterName}/namespaces/{namespaceName}/items/import],methods=[POST]}" onto public void com.ctrip.framework.apollo.portal.controller.ConfigsExportController.importConfigFile(java.lang.String,java.lang.String,java.lang.String,java.lang.String,org.springframework.web.multipart.MultipartFile)
2019-10-14 10:45:47.447  INFO 4832 --- [main] s.w.s.m.m.a.RequestMappingHandlerMapping : Mapped "{[/favorites],methods=[GET]}" onto public java.util.List<com.ctrip.framework.apollo.portal.entity.po.Favorite> com.ctrip.framework.apollo.portal.controller.FavoriteController.findFavorites(java.lang.String,java.lang.String,org.springframework.data.domain.Pageable)
2019-10-14 10:45:47.448  INFO 4832 --- [main] s.w.s.m.m.a.RequestMappingHandlerMapping : Mapped "{[/favorites],methods=[POST]}" onto public com.ctrip.framework.apollo.portal.entity.po.Favorite com.ctrip.framework.apollo.portal.controller.FavoriteController.addFavorite(com.ctrip.framework.apollo.portal.entity.po.Favorite)
2019-10-14 10:45:47.448  INFO 4832 --- [main] s.w.s.m.m.a.RequestMappingHandlerMapping : Mapped "{[/favorites/{favoriteId}],methods=[DELETE]}" onto public void com.ctrip.framework.apollo.portal.controller.FavoriteController.deleteFavorite(long)
2019-10-14 10:45:47.448  INFO 4832 --- [main] s.w.s.m.m.a.RequestMappingHandlerMapping : Mapped "{[/favorites/{favoriteId}],methods=[PUT]}" onto public void com.ctrip.framework.apollo.portal.controller.FavoriteController.toTop(long)
2019-10-14 10:45:47.457  INFO 4832 --- [main] s.w.s.m.m.a.RequestMappingHandlerMapping : Mapped "{[/apps/{appId}/envs/{env}/clusters/{clusterName}/namespaces/{namespaceName:.+}],methods=[GET]}" onto public com.ctrip.framework.apollo.portal.entity.bo.NamespaceBO com.ctrip.framework.apollo.portal.controller.NamespaceController.findNamespace(java.lang.String,java.lang.String,java.lang.String,java.lang.String)
2019-10-14 10:45:47.458  INFO 4832 --- [main] s.w.s.m.m.a.RequestMappingHandlerMapping : Mapped "{[/apps/{appId}/appnamespaces],methods=[POST]}" onto public com.ctrip.framework.apollo.common.entity.AppNamespace com.ctrip.framework.apollo.portal.controller.NamespaceController.createAppNamespace(java.lang.String,boolean,com.ctrip.framework.apollo.common.entity.AppNamespace)
2019-10-14 10:45:47.458  INFO 4832 --- [main] s.w.s.m.m.a.RequestMappingHandlerMapping : Mapped "{[/apps/{appId}/appnamespaces/{namespaceName:.+}],methods=[DELETE]}" onto public org.springframework.http.ResponseEntity<java.lang.Void> com.ctrip.framework.apollo.portal.controller.NamespaceController.deleteAppNamespace(java.lang.String,java.lang.String)
2019-10-14 10:45:47.459  INFO 4832 --- [main] s.w.s.m.m.a.RequestMappingHandlerMapping : Mapped "{[/apps/{appId}/envs/{env}/clusters/{clusterName}/missing-namespaces],methods=[GET]}" onto public com.ctrip.framework.apollo.common.http.MultiResponseEntity<java.lang.String> com.ctrip.framework.apollo.portal.controller.NamespaceController.findMissingNamespaces(java.lang.String,java.lang.String,java.lang.String)
2019-10-14 10:45:47.459  INFO 4832 --- [main] s.w.s.m.m.a.RequestMappingHandlerMapping : Mapped "{[/apps/{appId}/envs/{env}/clusters/{clusterName}/missing-namespaces],methods=[POST]}" onto public org.springframework.http.ResponseEntity<java.lang.Void> com.ctrip.framework.apollo.portal.controller.NamespaceController.createMissingNamespaces(java.lang.String,java.lang.String,java.lang.String)
2019-10-14 10:45:47.459  INFO 4832 --- [main] s.w.s.m.m.a.RequestMappingHandlerMapping : Mapped "{[/appnamespaces/public],methods=[GET]}" onto public java.util.List<com.ctrip.framework.apollo.common.entity.AppNamespace> com.ctrip.framework.apollo.portal.controller.NamespaceController.findPublicAppNamespaces()
2019-10-14 10:45:47.460  INFO 4832 --- [main] s.w.s.m.m.a.RequestMappingHandlerMapping : Mapped "{[/apps/{appId}/namespaces/publish_info],methods=[GET]}" onto public java.util.Map<java.lang.String, java.util.Map<java.lang.String, java.lang.Boolean>> com.ctrip.framework.apollo.portal.controller.NamespaceController.getNamespacesPublishInfo(java.lang.String)
2019-10-14 10:45:47.460  INFO 4832 --- [main] s.w.s.m.m.a.RequestMappingHandlerMapping : Mapped "{[/apps/{appId}/namespaces],methods=[POST]}" onto public org.springframework.http.ResponseEntity<java.lang.Void> com.ctrip.framework.apollo.portal.controller.NamespaceController.createNamespace(java.lang.String,java.util.List<com.ctrip.framework.apollo.portal.entity.model.NamespaceCreationModel>)
2019-10-14 10:45:47.461  INFO 4832 --- [main] s.w.s.m.m.a.RequestMappingHandlerMapping : Mapped "{[/apps/{appId}/envs/{env}/clusters/{clusterName}/namespaces/{namespaceName:.+}],methods=[DELETE]}" onto public org.springframework.http.ResponseEntity<java.lang.Void> com.ctrip.framework.apollo.portal.controller.NamespaceController.deleteNamespace(java.lang.String,java.lang.String,java.lang.String,java.lang.String)
2019-10-14 10:45:47.461  INFO 4832 --- [main] s.w.s.m.m.a.RequestMappingHandlerMapping : Mapped "{[/apps/{appId}/envs/{env}/clusters/{clusterName}/namespaces],methods=[GET]}" onto public java.util.List<com.ctrip.framework.apollo.portal.entity.bo.NamespaceBO> com.ctrip.framework.apollo.portal.controller.NamespaceController.findNamespaces(java.lang.String,java.lang.String,java.lang.String)
2019-10-14 10:45:47.461  INFO 4832 --- [main] s.w.s.m.m.a.RequestMappingHandlerMapping : Mapped "{[/apps/{appId}/appnamespaces/{namespaceName:.+}],methods=[GET]}" onto public com.ctrip.framework.apollo.common.dto.AppNamespaceDTO com.ctrip.framework.apollo.portal.controller.NamespaceController.findAppNamespace(java.lang.String,java.lang.String)
2019-10-14 10:45:47.462  INFO 4832 --- [main] s.w.s.m.m.a.RequestMappingHandlerMapping : Mapped "{[/envs/{env}/appnamespaces/{publicNamespaceName}/namespaces],methods=[GET]}" onto public java.util.List<com.ctrip.framework.apollo.common.dto.NamespaceDTO> com.ctrip.framework.apollo.portal.controller.NamespaceController.getPublicAppNamespaceAllNamespaces(java.lang.String,java.lang.String,int,int)
2019-10-14 10:45:47.462  INFO 4832 --- [main] s.w.s.m.m.a.RequestMappingHandlerMapping : Mapped "{[/envs/{env}/apps/{appId}/clusters/{clusterName}/namespaces/{namespaceName}/associated-public-namespace],methods=[GET]}" onto public com.ctrip.framework.apollo.portal.entity.bo.NamespaceBO com.ctrip.framework.apollo.portal.controller.NamespaceController.findPublicNamespaceForAssociatedNamespace(java.lang.String,java.lang.String,java.lang.String,java.lang.String)
2019-10-14 10:45:47.463  INFO 4832 --- [main] s.w.s.m.m.a.RequestMappingHandlerMapping : Mapped "{[/sso_heartbeat],methods=[GET]}" onto public void com.ctrip.framework.apollo.portal.controller.SsoHeartbeatController.heartbeat(javax.servlet.http.HttpServletRequest,javax.servlet.http.HttpServletResponse)
2019-10-14 10:45:47.464  INFO 4832 --- [main] s.w.s.m.m.a.RequestMappingHandlerMapping : Mapped "{[/apps/{appId}/envs/{env}/clusters/{clusterName}/namespaces/{namespaceName}/commits],methods=[GET]}" onto public java.util.List<com.ctrip.framework.apollo.common.dto.CommitDTO> com.ctrip.framework.apollo.portal.controller.CommitController.find(java.lang.String,java.lang.String,java.lang.String,java.lang.String,int,int)
2019-10-14 10:45:47.466  INFO 4832 --- [main] s.w.s.m.m.a.RequestMappingHandlerMapping : Mapped "{[/consumers/{token}/assign-role],methods=[POST]}" onto public java.util.List<com.ctrip.framework.apollo.openapi.entity.ConsumerRole> com.ctrip.framework.apollo.portal.controller.ConsumerController.assignNamespaceRoleToConsumer(java.lang.String,java.lang.String,java.lang.String,com.ctrip.framework.apollo.common.dto.NamespaceDTO)
2019-10-14 10:45:47.466  INFO 4832 --- [main] s.w.s.m.m.a.RequestMappingHandlerMapping : Mapped "{[/consumers/by-appId],methods=[GET]}" onto public com.ctrip.framework.apollo.openapi.entity.ConsumerToken com.ctrip.framework.apollo.portal.controller.ConsumerController.getConsumerTokenByAppId(java.lang.String)
2019-10-14 10:45:47.466  INFO 4832 --- [main] s.w.s.m.m.a.RequestMappingHandlerMapping : Mapped "{[/consumers],methods=[POST]}" onto public com.ctrip.framework.apollo.openapi.entity.ConsumerToken com.ctrip.framework.apollo.portal.controller.ConsumerController.createConsumer(com.ctrip.framework.apollo.openapi.entity.Consumer,java.util.Date)
2019-10-14 10:45:47.469  INFO 4832 --- [main] s.w.s.m.m.a.RequestMappingHandlerMapping : Mapped "{[/apps/{appId}/namespaces/{namespaceName}/items],methods=[PUT],consumes=[application/json]}" onto public org.springframework.http.ResponseEntity<java.lang.Void> com.ctrip.framework.apollo.portal.controller.ItemController.update(java.lang.String,java.lang.String,com.ctrip.framework.apollo.portal.entity.model.NamespaceSyncModel)
2019-10-14 10:45:47.469  INFO 4832 --- [main] s.w.s.m.m.a.RequestMappingHandlerMapping : Mapped "{[/namespaces/{namespaceName}/diff],methods=[POST],consumes=[application/json]}" onto public java.util.List<com.ctrip.framework.apollo.portal.entity.vo.ItemDiffs> com.ctrip.framework.apollo.portal.controller.ItemController.diff(com.ctrip.framework.apollo.portal.entity.model.NamespaceSyncModel)
2019-10-14 10:45:47.470  INFO 4832 --- [main] s.w.s.m.m.a.RequestMappingHandlerMapping : Mapped "{[/apps/{appId}/envs/{env}/clusters/{clusterName}/namespaces/{namespaceName}/items],methods=[PUT],consumes=[application/json]}" onto public void com.ctrip.framework.apollo.portal.controller.ItemController.modifyItemsByText(java.lang.String,java.lang.String,java.lang.String,java.lang.String,com.ctrip.framework.apollo.portal.entity.model.NamespaceTextModel)
2019-10-14 10:45:47.470  INFO 4832 --- [main] s.w.s.m.m.a.RequestMappingHandlerMapping : Mapped "{[/apps/{appId}/envs/{env}/clusters/{clusterName}/namespaces/{namespaceName}/branches/{branchName}/items],methods=[GET]}" onto public java.util.List<com.ctrip.framework.apollo.common.dto.ItemDTO> com.ctrip.framework.apollo.portal.controller.ItemController.findBranchItems(java.lang.String,java.lang.String,java.lang.String,java.lang.String,java.lang.String)
2019-10-14 10:45:47.471  INFO 4832 --- [main] s.w.s.m.m.a.RequestMappingHandlerMapping : Mapped "{[/apps/{appId}/envs/{env}/clusters/{clusterName}/namespaces/{namespaceName}/syntax-check],methods=[POST],consumes=[application/json]}" onto public org.springframework.http.ResponseEntity<java.lang.Void> com.ctrip.framework.apollo.portal.controller.ItemController.syntaxCheckText(java.lang.String,java.lang.String,java.lang.String,java.lang.String,com.ctrip.framework.apollo.portal.entity.model.NamespaceTextModel)
2019-10-14 10:45:47.471  INFO 4832 --- [main] s.w.s.m.m.a.RequestMappingHandlerMapping : Mapped "{[/apps/{appId}/envs/{env}/clusters/{clusterName}/namespaces/{namespaceName}/items],methods=[GET]}" onto public java.util.List<com.ctrip.framework.apollo.common.dto.ItemDTO> com.ctrip.framework.apollo.portal.controller.ItemController.findItems(java.lang.String,java.lang.String,java.lang.String,java.lang.String,java.lang.String)
2019-10-14 10:45:47.471  INFO 4832 --- [main] s.w.s.m.m.a.RequestMappingHandlerMapping : Mapped "{[/apps/{appId}/envs/{env}/clusters/{clusterName}/namespaces/{namespaceName}/items/{itemId}],methods=[DELETE]}" onto public void com.ctrip.framework.apollo.portal.controller.ItemController.deleteItem(java.lang.String,java.lang.String,java.lang.String,java.lang.String,long)
2019-10-14 10:45:47.472  INFO 4832 --- [main] s.w.s.m.m.a.RequestMappingHandlerMapping : Mapped "{[/apps/{appId}/envs/{env}/clusters/{clusterName}/namespaces/{namespaceName}/item],methods=[PUT]}" onto public void com.ctrip.framework.apollo.portal.controller.ItemController.updateItem(java.lang.String,java.lang.String,java.lang.String,java.lang.String,com.ctrip.framework.apollo.common.dto.ItemDTO)
2019-10-14 10:45:47.472  INFO 4832 --- [main] s.w.s.m.m.a.RequestMappingHandlerMapping : Mapped "{[/apps/{appId}/envs/{env}/clusters/{clusterName}/namespaces/{namespaceName}/item],methods=[POST]}" onto public com.ctrip.framework.apollo.common.dto.ItemDTO com.ctrip.framework.apollo.portal.controller.ItemController.createItem(java.lang.String,java.lang.String,java.lang.String,java.lang.String,com.ctrip.framework.apollo.common.dto.ItemDTO)
2019-10-14 10:45:47.473  INFO 4832 --- [main] s.w.s.m.m.a.RequestMappingHandlerMapping : Mapped "{[/page-settings],methods=[GET]}" onto public com.ctrip.framework.apollo.portal.entity.vo.PageSetting com.ctrip.framework.apollo.portal.controller.PageSettingController.getPageSetting()
2019-10-14 10:45:47.474  INFO 4832 --- [main] s.w.s.m.m.a.RequestMappingHandlerMapping : Mapped "{[/system-info],methods=[GET]}" onto public com.ctrip.framework.apollo.portal.entity.vo.SystemInfo com.ctrip.framework.apollo.portal.controller.SystemInfoController.getSystemInfo()
2019-10-14 10:45:47.474  INFO 4832 --- [main] s.w.s.m.m.a.RequestMappingHandlerMapping : Mapped "{[/system-info/health],methods=[GET]}" onto public org.springframework.boot.actuate.health.Health com.ctrip.framework.apollo.portal.controller.SystemInfoController.checkHealth(java.lang.String)
2019-10-14 10:45:47.477  INFO 4832 --- [main] s.w.s.m.m.a.RequestMappingHandlerMapping : Mapped "{[/openapi/v1/envs/{env}/apps/{appId}/clusters/{clusterName}/namespaces/{namespaceName}/branches/{branchName}/rules],methods=[PUT]}" onto public void com.ctrip.framework.apollo.openapi.v1.controller.NamespaceBranchController.updateBranchRules(java.lang.String,java.lang.String,java.lang.String,java.lang.String,java.lang.String,com.ctrip.framework.apollo.openapi.dto.OpenGrayReleaseRuleDTO,java.lang.String,javax.servlet.http.HttpServletRequest)
2019-10-14 10:45:47.477  INFO 4832 --- [main] s.w.s.m.m.a.RequestMappingHandlerMapping : Mapped "{[/openapi/v1/envs/{env}/apps/{appId}/clusters/{clusterName}/namespaces/{namespaceName}/branches/{branchName}/rules],methods=[GET]}" onto public com.ctrip.framework.apollo.openapi.dto.OpenGrayReleaseRuleDTO com.ctrip.framework.apollo.openapi.v1.controller.NamespaceBranchController.getBranchGrayRules(java.lang.String,java.lang.String,java.lang.String,java.lang.String,java.lang.String)
2019-10-14 10:45:47.477  INFO 4832 --- [main] s.w.s.m.m.a.RequestMappingHandlerMapping : Mapped "{[/openapi/v1/envs/{env}/apps/{appId}/clusters/{clusterName}/namespaces/{namespaceName}/branches],methods=[GET]}" onto public com.ctrip.framework.apollo.openapi.dto.OpenNamespaceDTO com.ctrip.framework.apollo.openapi.v1.controller.NamespaceBranchController.findBranch(java.lang.String,java.lang.String,java.lang.String,java.lang.String)
2019-10-14 10:45:47.478  INFO 4832 --- [main] s.w.s.m.m.a.RequestMappingHandlerMapping : Mapped "{[/openapi/v1/envs/{env}/apps/{appId}/clusters/{clusterName}/namespaces/{namespaceName}/branches],methods=[POST]}" onto public com.ctrip.framework.apollo.openapi.dto.OpenNamespaceDTO com.ctrip.framework.apollo.openapi.v1.controller.NamespaceBranchController.createBranch(java.lang.String,java.lang.String,java.lang.String,java.lang.String,java.lang.String,javax.servlet.http.HttpServletRequest)
2019-10-14 10:45:47.478  INFO 4832 --- [main] s.w.s.m.m.a.RequestMappingHandlerMapping : Mapped "{[/openapi/v1/envs/{env}/apps/{appId}/clusters/{clusterName}/namespaces/{namespaceName}/branches/{branchName}],methods=[DELETE]}" onto public void com.ctrip.framework.apollo.openapi.v1.controller.NamespaceBranchController.deleteBranch(java.lang.String,java.lang.String,java.lang.String,java.lang.String,java.lang.String,java.lang.String,javax.servlet.http.HttpServletRequest)
2019-10-14 10:45:47.480  INFO 4832 --- [main] s.w.s.m.m.a.RequestMappingHandlerMapping : Mapped "{[/openapi/v1/envs/{env}/apps/{appId}/clusters/{clusterName}/namespaces/{namespaceName}/items/{key:.+}],methods=[GET]}" onto public com.ctrip.framework.apollo.openapi.dto.OpenItemDTO com.ctrip.framework.apollo.openapi.v1.controller.ItemController.getItem(java.lang.String,java.lang.String,java.lang.String,java.lang.String,java.lang.String)
2019-10-14 10:45:47.481  INFO 4832 --- [main] s.w.s.m.m.a.RequestMappingHandlerMapping : Mapped "{[/openapi/v1/envs/{env}/apps/{appId}/clusters/{clusterName}/namespaces/{namespaceName}/items/{key:.+}],methods=[DELETE]}" onto public void com.ctrip.framework.apollo.openapi.v1.controller.ItemController.deleteItem(java.lang.String,java.lang.String,java.lang.String,java.lang.String,java.lang.String,java.lang.String,javax.servlet.http.HttpServletRequest)
2019-10-14 10:45:47.481  INFO 4832 --- [main] s.w.s.m.m.a.RequestMappingHandlerMapping : Mapped "{[/openapi/v1/envs/{env}/apps/{appId}/clusters/{clusterName}/namespaces/{namespaceName}/items/{key:.+}],methods=[PUT]}" onto public void com.ctrip.framework.apollo.openapi.v1.controller.ItemController.updateItem(java.lang.String,java.lang.String,java.lang.String,java.lang.String,java.lang.String,com.ctrip.framework.apollo.openapi.dto.OpenItemDTO,boolean,javax.servlet.http.HttpServletRequest)
2019-10-14 10:45:47.481  INFO 4832 --- [main] s.w.s.m.m.a.RequestMappingHandlerMapping : Mapped "{[/openapi/v1/envs/{env}/apps/{appId}/clusters/{clusterName}/namespaces/{namespaceName}/items],methods=[POST]}" onto public com.ctrip.framework.apollo.openapi.dto.OpenItemDTO com.ctrip.framework.apollo.openapi.v1.controller.ItemController.createItem(java.lang.String,java.lang.String,java.lang.String,java.lang.String,com.ctrip.framework.apollo.openapi.dto.OpenItemDTO,javax.servlet.http.HttpServletRequest)
2019-10-14 10:45:47.482  INFO 4832 --- [main] s.w.s.m.m.a.RequestMappingHandlerMapping : Mapped "{[/openapi/v1/apps/{appId}/envclusters],methods=[GET]}" onto public java.util.List<com.ctrip.framework.apollo.openapi.dto.OpenEnvClusterDTO> com.ctrip.framework.apollo.openapi.v1.controller.AppController.loadEnvClusterInfo(java.lang.String)
2019-10-14 10:45:47.483  INFO 4832 --- [main] s.w.s.m.m.a.RequestMappingHandlerMapping : Mapped "{[/openapi/v1/apps],methods=[GET]}" onto public java.util.List<com.ctrip.framework.apollo.openapi.dto.OpenAppDTO> com.ctrip.framework.apollo.openapi.v1.controller.AppController.findApps(java.lang.String)
2019-10-14 10:45:47.486  INFO 4832 --- [main] s.w.s.m.m.a.RequestMappingHandlerMapping : Mapped "{[/openapi/v1/envs/{env}/apps/{appId}/clusters/{clusterName}/namespaces/{namespaceName}/branches/{branchName}/merge],methods=[POST]}" onto public com.ctrip.framework.apollo.openapi.dto.OpenReleaseDTO com.ctrip.framework.apollo.openapi.v1.controller.ReleaseController.merge(java.lang.String,java.lang.String,java.lang.String,java.lang.String,java.lang.String,boolean,com.ctrip.framework.apollo.openapi.dto.NamespaceReleaseDTO,javax.servlet.http.HttpServletRequest)
2019-10-14 10:45:47.486  INFO 4832 --- [main] s.w.s.m.m.a.RequestMappingHandlerMapping : Mapped "{[/openapi/v1/envs/{env}/apps/{appId}/clusters/{clusterName}/namespaces/{namespaceName}/branches/{branchName}/releases],methods=[POST]}" onto public com.ctrip.framework.apollo.openapi.dto.OpenReleaseDTO com.ctrip.framework.apollo.openapi.v1.controller.ReleaseController.createGrayRelease(java.lang.String,java.lang.String,java.lang.String,java.lang.String,java.lang.String,com.ctrip.framework.apollo.openapi.dto.NamespaceReleaseDTO,javax.servlet.http.HttpServletRequest)
2019-10-14 10:45:47.486  INFO 4832 --- [main] s.w.s.m.m.a.RequestMappingHandlerMapping : Mapped "{[/openapi/v1/envs/{env}/apps/{appId}/clusters/{clusterName}/namespaces/{namespaceName}/releases/latest],methods=[GET]}" onto public com.ctrip.framework.apollo.openapi.dto.OpenReleaseDTO com.ctrip.framework.apollo.openapi.v1.controller.ReleaseController.loadLatestActiveRelease(java.lang.String,java.lang.String,java.lang.String,java.lang.String)
2019-10-14 10:45:47.487  INFO 4832 --- [main] s.w.s.m.m.a.RequestMappingHandlerMapping : Mapped "{[/openapi/v1/envs/{env}/apps/{appId}/clusters/{clusterName}/namespaces/{namespaceName}/branches/{branchName}/gray-del-releases],methods=[POST]}" onto public com.ctrip.framework.apollo.openapi.dto.OpenReleaseDTO com.ctrip.framework.apollo.openapi.v1.controller.ReleaseController.createGrayDelRelease(java.lang.String,java.lang.String,java.lang.String,java.lang.String,java.lang.String,com.ctrip.framework.apollo.openapi.dto.NamespaceGrayDelReleaseDTO,javax.servlet.http.HttpServletRequest)
2019-10-14 10:45:47.487  INFO 4832 --- [main] s.w.s.m.m.a.RequestMappingHandlerMapping : Mapped "{[/openapi/v1/envs/{env}/apps/{appId}/clusters/{clusterName}/namespaces/{namespaceName}/releases],methods=[POST]}" onto public com.ctrip.framework.apollo.openapi.dto.OpenReleaseDTO com.ctrip.framework.apollo.openapi.v1.controller.ReleaseController.createRelease(java.lang.String,java.lang.String,java.lang.String,java.lang.String,com.ctrip.framework.apollo.openapi.dto.NamespaceReleaseDTO,javax.servlet.http.HttpServletRequest)
2019-10-14 10:45:47.488  INFO 4832 --- [main] s.w.s.m.m.a.RequestMappingHandlerMapping : Mapped "{[/openapi/v1/envs/{env}/apps/{appId}/clusters/{clusterName}/namespaces/{namespaceName:.+}],methods=[GET]}" onto public com.ctrip.framework.apollo.openapi.dto.OpenNamespaceDTO com.ctrip.framework.apollo.openapi.v1.controller.NamespaceController.loadNamespace(java.lang.String,java.lang.String,java.lang.String,java.lang.String)
2019-10-14 10:45:47.489  INFO 4832 --- [main] s.w.s.m.m.a.RequestMappingHandlerMapping : Mapped "{[/openapi/v1/apps/{appId}/appnamespaces],methods=[POST]}" onto public com.ctrip.framework.apollo.openapi.dto.OpenAppNamespaceDTO com.ctrip.framework.apollo.openapi.v1.controller.NamespaceController.createNamespace(java.lang.String,com.ctrip.framework.apollo.openapi.dto.OpenAppNamespaceDTO,javax.servlet.http.HttpServletRequest)
2019-10-14 10:45:47.489  INFO 4832 --- [main] s.w.s.m.m.a.RequestMappingHandlerMapping : Mapped "{[/openapi/v1/envs/{env}/apps/{appId}/clusters/{clusterName}/namespaces],methods=[GET]}" onto public java.util.List<com.ctrip.framework.apollo.openapi.dto.OpenNamespaceDTO> com.ctrip.framework.apollo.openapi.v1.controller.NamespaceController.findNamespaces(java.lang.String,java.lang.String,java.lang.String)
2019-10-14 10:45:47.489  INFO 4832 --- [main] s.w.s.m.m.a.RequestMappingHandlerMapping : Mapped "{[/openapi/v1/envs/{env}/apps/{appId}/clusters/{clusterName}/namespaces/{namespaceName}/lock],methods=[GET]}" onto public com.ctrip.framework.apollo.openapi.dto.OpenNamespaceLockDTO com.ctrip.framework.apollo.openapi.v1.controller.NamespaceController.getNamespaceLock(java.lang.String,java.lang.String,java.lang.String,java.lang.String)
2019-10-14 10:45:47.493  INFO 4832 --- [main] s.w.s.m.m.a.RequestMappingHandlerMapping : Mapped "{[/error]}" onto public org.springframework.http.ResponseEntity<java.util.Map<java.lang.String, java.lang.Object>> org.springframework.boot.autoconfigure.web.servlet.error.BasicErrorController.error(javax.servlet.http.HttpServletRequest)
2019-10-14 10:45:47.494  INFO 4832 --- [main] s.w.s.m.m.a.RequestMappingHandlerMapping : Mapped "{[/error],produces=[text/html]}" onto public org.springframework.web.servlet.ModelAndView org.springframework.boot.autoconfigure.web.servlet.error.BasicErrorController.errorHtml(javax.servlet.http.HttpServletRequest,javax.servlet.http.HttpServletResponse)
2019-10-14 10:45:47.628  INFO 4832 --- [main] o.s.w.s.handler.SimpleUrlHandlerMapping  : Mapped URL path [/webjars/**] onto handler of type [class org.springframework.web.servlet.resource.ResourceHttpRequestHandler]
2019-10-14 10:45:47.629  INFO 4832 --- [main] o.s.w.s.handler.SimpleUrlHandlerMapping  : Mapped URL path [/**] onto handler of type [class org.springframework.web.servlet.resource.ResourceHttpRequestHandler]
2019-10-14 10:45:47.629  INFO 4832 --- [main] o.s.w.s.handler.SimpleUrlHandlerMapping  : Mapped URL path [/img/**] onto handler of type [class org.springframework.web.servlet.resource.ResourceHttpRequestHandler]
2019-10-14 10:45:47.629  INFO 4832 --- [main] o.s.w.s.handler.SimpleUrlHandlerMapping  : Mapped URL path [/vendor/**] onto handler of type [class org.springframework.web.servlet.resource.ResourceHttpRequestHandler]
2019-10-14 10:45:47.629  INFO 4832 --- [main] o.s.w.s.handler.SimpleUrlHandlerMapping  : Mapped URL path [/scripts/**] onto handler of type [class org.springframework.web.servlet.resource.ResourceHttpRequestHandler]
2019-10-14 10:45:47.629  INFO 4832 --- [main] o.s.w.s.handler.SimpleUrlHandlerMapping  : Mapped URL path [/styles/**] onto handler of type [class org.springframework.web.servlet.resource.ResourceHttpRequestHandler]
2019-10-14 10:45:47.629  INFO 4832 --- [main] o.s.w.s.handler.SimpleUrlHandlerMapping  : Mapped URL path [/views/**] onto handler of type [class org.springframework.web.servlet.resource.ResourceHttpRequestHandler]
2019-10-14 10:45:47.703  INFO 4832 --- [main] .m.m.a.ExceptionHandlerExceptionResolver : Detected @ExceptionHandler methods in globalDefaultExceptionHandler
2019-10-14 10:45:48.018  INFO 4832 --- [main] o.s.b.a.w.s.WelcomePageHandlerMapping    : Adding welcome page: class path resource [static/index.html]
2019-10-14 10:45:50.060  INFO 4832 --- [main] o.s.ui.freemarker.SpringTemplateLoader   : SpringTemplateLoader for FreeMarker: using resource loader [org.springframework.boot.web.servlet.context.AnnotationConfigServletWebServerApplicationContext@4f71586b: startup date [Mon Oct 14 10:45:11 CST 2019]; parent: org.springframework.context.annotation.AnnotationConfigApplicationContext@7e7b85fe] and template loader path [classpath:/templates/]
2019-10-14 10:45:50.062  INFO 4832 --- [main] o.s.w.s.v.f.FreeMarkerConfigurer         : ClassTemplateLoader for Spring macros added to FreeMarker configuration
2019-10-14 10:45:50.315  INFO 4832 --- [main] o.s.b.a.e.web.EndpointLinksResolver      : Exposing 2 endpoint(s) beneath base path ''
2019-10-14 10:45:50.366  INFO 4832 --- [main] s.b.a.e.w.s.WebMvcEndpointHandlerMapping : Mapped "{[/health],methods=[GET],produces=[application/vnd.spring-boot.actuator.v2+json || application/json]}" onto public java.lang.Object org.springframework.boot.actuate.endpoint.web.servlet.AbstractWebMvcEndpointHandlerMapping$OperationHandler.handle(javax.servlet.http.HttpServletRequest,java.util.Map<java.lang.String, java.lang.String>)
2019-10-14 10:45:50.367  INFO 4832 --- [main] s.b.a.e.w.s.WebMvcEndpointHandlerMapping : Mapped "{[/info],methods=[GET],produces=[application/vnd.spring-boot.actuator.v2+json || application/json]}" onto public java.lang.Object org.springframework.boot.actuate.endpoint.web.servlet.AbstractWebMvcEndpointHandlerMapping$OperationHandler.handle(javax.servlet.http.HttpServletRequest,java.util.Map<java.lang.String, java.lang.String>)
2019-10-14 10:45:51.054  INFO 4832 --- [main] o.s.j.e.a.AnnotationMBeanExporter        : Registering beans for JMX exposure on startup
2019-10-14 10:45:51.057  INFO 4832 --- [main] o.s.j.e.a.AnnotationMBeanExporter        : Bean with name 'dataSource' has been autodetected for JMX exposure
2019-10-14 10:45:51.070  INFO 4832 --- [main] o.s.j.e.a.AnnotationMBeanExporter        : Bean with name 'refreshScope' has been autodetected for JMX exposure
2019-10-14 10:45:51.075  INFO 4832 --- [main] o.s.j.e.a.AnnotationMBeanExporter        : Bean with name 'configurationPropertiesRebinder' has been autodetected for JMX exposure
2019-10-14 10:45:51.085  INFO 4832 --- [main] o.s.j.e.a.AnnotationMBeanExporter        : Located managed bean 'refreshScope': registering with JMX server as MBean [org.springframework.cloud.context.scope.refresh:name=refreshScope,context=4f71586b,type=RefreshScope]
2019-10-14 10:45:51.166  INFO 4832 --- [main] o.s.j.e.a.AnnotationMBeanExporter        : Located managed bean 'configurationPropertiesRebinder': registering with JMX server as MBean [org.springframework.cloud.context.properties:name=configurationPropertiesRebinder,context=4f71586b,type=ConfigurationPropertiesRebinder]
2019-10-14 10:45:51.191  INFO 4832 --- [main] o.s.j.e.a.AnnotationMBeanExporter        : Located MBean 'dataSource': registering with JMX server as MBean [com.zaxxer.hikari:name=dataSource,type=HikariDataSource]
2019-10-14 10:45:51.563  INFO 4832 --- [main] o.s.b.w.embedded.tomcat.TomcatWebServer  : Tomcat started on port(s): 8070 (http) with context path ''
2019-10-14 10:45:51.570  INFO 4832 --- [main] c.c.f.apollo.assembly.ApolloApplication  : Started ApolloApplication in 40.569 seconds (JVM running for 65.057)
2019-10-14 10:45:51.585  INFO 4832 --- [main] c.c.f.apollo.assembly.ApolloApplication  : application-1-1 isActive: true
2019-10-14 10:45:52.509  INFO 4832 --- [http-nio-8070-exec-1] o.a.c.c.C.[Tomcat].[localhost].[/]       : Initializing Spring FrameworkServlet 'dispatcherServlet'
2019-10-14 10:45:52.509  INFO 4832 --- [http-nio-8070-exec-1] o.s.web.servlet.DispatcherServlet        : FrameworkServlet 'dispatcherServlet': initialization started
2019-10-14 10:45:52.614  INFO 4832 --- [http-nio-8070-exec-1] o.s.web.servlet.DispatcherServlet        : FrameworkServlet 'dispatcherServlet': initialization completed in 104 ms
